[32m2025-10-13 18:22:02 +0530[0m - dagster - [34mDEBUG[0m - __ASSET_JOB - 0270c669-339d-4ef2-9e04-8df3bc26a204 - 156156 - LOGS_CAPTURED - Started capturing logs in process (pid: 156156).
[32m2025-10-13 18:22:02 +0530[0m - dagster - [34mDEBUG[0m - __ASSET_JOB - 0270c669-339d-4ef2-9e04-8df3bc26a204 - 156156 - dbt_bq_project_dbt_assets - STEP_START - Started execution of step "dbt_bq_project_dbt_assets".
[32m2025-10-13 18:22:02 +0530[0m - dagster - [34mINFO[0m - __ASSET_JOB - 0270c669-339d-4ef2-9e04-8df3bc26a204 - dbt_bq_project_dbt_assets - A dbt subsetted execution is not being performed. Using the default dbt selection arguments `['--select', 'fqn:*']`.
[32m2025-10-13 18:22:08 +0530[0m - dagster - [34mINFO[0m - __ASSET_JOB - 0270c669-339d-4ef2-9e04-8df3bc26a204 - dbt_bq_project_dbt_assets - Copying `/home/kurinchiban/Desktop/dbt-bigquery/dbt_bq_project/target/partial_parse.msgpack` to `/home/kurinchiban/Desktop/dbt-bigquery/dbt_bq_project/target/dbt_bq_project_dbt_assets-0270c66-2d59579/partial_parse.msgpack` to take advantage of partial parsing.
[32m2025-10-13 18:22:08 +0530[0m - dagster - [34mINFO[0m - __ASSET_JOB - 0270c669-339d-4ef2-9e04-8df3bc26a204 - dbt_bq_project_dbt_assets - Running dbt command: `dbt build --select fqn:*`.
[32m2025-10-13 18:22:16 +0530[0m - dagster - [34mDEBUG[0m - __ASSET_JOB - 0270c669-339d-4ef2-9e04-8df3bc26a204 - 156156 - dbt_bq_project_dbt_assets - STEP_OUTPUT - Yielded output "stg_products" of type "Nothing". (Type check passed).
[32m2025-10-13 18:22:16 +0530[0m - dagster - [34mDEBUG[0m - __ASSET_JOB - 0270c669-339d-4ef2-9e04-8df3bc26a204 - 156156 - dbt_bq_project_dbt_assets - ASSET_MATERIALIZATION - Materialized value stg_products.
[32m2025-10-13 18:22:18 +0530[0m - dagster - [34mDEBUG[0m - __ASSET_JOB - 0270c669-339d-4ef2-9e04-8df3bc26a204 - 156156 - dbt_bq_project_dbt_assets - STEP_OUTPUT - Yielded output "stg_sales" of type "Nothing". (Type check passed).
[32m2025-10-13 18:22:18 +0530[0m - dagster - [34mDEBUG[0m - __ASSET_JOB - 0270c669-339d-4ef2-9e04-8df3bc26a204 - 156156 - dbt_bq_project_dbt_assets - ASSET_MATERIALIZATION - Materialized value stg_sales.
[32m2025-10-13 18:22:21 +0530[0m - dagster - [34mWARNING[0m - __ASSET_JOB - 0270c669-339d-4ef2-9e04-8df3bc26a204 - dbt_bq_project_dbt_assets - Logging an `AssetObservation` instead of an `AssetCheckResult` for dbt test `source_not_null_employee_dataset_customers_customer_id`.

This test was not included in Dagster's asset check selection, and was likely executed due to dbt indirect selection.
[32m2025-10-13 18:22:21 +0530[0m - dagster - [34mDEBUG[0m - __ASSET_JOB - 0270c669-339d-4ef2-9e04-8df3bc26a204 - 156156 - dbt_bq_project_dbt_assets - ASSET_OBSERVATION - ASSET_OBSERVATION for step dbt_bq_project_dbt_assets
[32m2025-10-13 18:22:23 +0530[0m - dagster - [34mWARNING[0m - __ASSET_JOB - 0270c669-339d-4ef2-9e04-8df3bc26a204 - dbt_bq_project_dbt_assets - Logging an `AssetObservation` instead of an `AssetCheckResult` for dbt test `source_not_null_employee_dataset_customers_email`.

This test was not included in Dagster's asset check selection, and was likely executed due to dbt indirect selection.
[32m2025-10-13 18:22:23 +0530[0m - dagster - [34mDEBUG[0m - __ASSET_JOB - 0270c669-339d-4ef2-9e04-8df3bc26a204 - 156156 - dbt_bq_project_dbt_assets - ASSET_OBSERVATION - ASSET_OBSERVATION for step dbt_bq_project_dbt_assets
[32m2025-10-13 18:22:25 +0530[0m - dagster - [34mWARNING[0m - __ASSET_JOB - 0270c669-339d-4ef2-9e04-8df3bc26a204 - dbt_bq_project_dbt_assets - Logging an `AssetObservation` instead of an `AssetCheckResult` for dbt test `source_not_null_employee_dataset_customers_first_name`.

This test was not included in Dagster's asset check selection, and was likely executed due to dbt indirect selection.
[32m2025-10-13 18:22:25 +0530[0m - dagster - [34mDEBUG[0m - __ASSET_JOB - 0270c669-339d-4ef2-9e04-8df3bc26a204 - 156156 - dbt_bq_project_dbt_assets - ASSET_OBSERVATION - ASSET_OBSERVATION for step dbt_bq_project_dbt_assets
[32m2025-10-13 18:22:28 +0530[0m - dagster - [34mWARNING[0m - __ASSET_JOB - 0270c669-339d-4ef2-9e04-8df3bc26a204 - dbt_bq_project_dbt_assets - Logging an `AssetObservation` instead of an `AssetCheckResult` for dbt test `source_unique_employee_dataset_customers_customer_id`.

This test was not included in Dagster's asset check selection, and was likely executed due to dbt indirect selection.
[32m2025-10-13 18:22:28 +0530[0m - dagster - [34mDEBUG[0m - __ASSET_JOB - 0270c669-339d-4ef2-9e04-8df3bc26a204 - 156156 - dbt_bq_project_dbt_assets - ASSET_OBSERVATION - ASSET_OBSERVATION for step dbt_bq_project_dbt_assets
[32m2025-10-13 18:22:32 +0530[0m - dagster - [34mDEBUG[0m - __ASSET_JOB - 0270c669-339d-4ef2-9e04-8df3bc26a204 - 156156 - dbt_bq_project_dbt_assets - STEP_OUTPUT - Yielded output "customer_category_sales" of type "Nothing". (Type check passed).
[32m2025-10-13 18:22:32 +0530[0m - dagster - [34mDEBUG[0m - __ASSET_JOB - 0270c669-339d-4ef2-9e04-8df3bc26a204 - 156156 - dbt_bq_project_dbt_assets - ASSET_MATERIALIZATION - Materialized value customer_category_sales.
[32m2025-10-13 18:22:34 +0530[0m - dagster - [34mDEBUG[0m - __ASSET_JOB - 0270c669-339d-4ef2-9e04-8df3bc26a204 - 156156 - dbt_bq_project_dbt_assets - STEP_OUTPUT - Yielded output "stg_customers" of type "Nothing". (Type check passed).
[32m2025-10-13 18:22:34 +0530[0m - dagster - [34mDEBUG[0m - __ASSET_JOB - 0270c669-339d-4ef2-9e04-8df3bc26a204 - 156156 - dbt_bq_project_dbt_assets - ASSET_MATERIALIZATION - Materialized value stg_customers.
[32m2025-10-13 18:22:35 +0530[0m - dagster - [34mINFO[0m - __ASSET_JOB - 0270c669-339d-4ef2-9e04-8df3bc26a204 - dbt_bq_project_dbt_assets - Finished dbt command: `dbt build --select fqn:*`.
[32m2025-10-13 18:22:35 +0530[0m - dagster - [34mDEBUG[0m - __ASSET_JOB - 0270c669-339d-4ef2-9e04-8df3bc26a204 - 156156 - dbt_bq_project_dbt_assets - STEP_SUCCESS - Finished execution of step "dbt_bq_project_dbt_assets" in 32.37s.
