Running with dbt=1.10.13
Registered adapter: bigquery=1.10.2
Found 4 models, 4 data tests, 3 sources, 495 macros

Concurrency: 1 threads (target='dev')

1 of 8 START sql view model sales_dataset_bq_dbt.stg_products .................. [RUN]
1 of 8 OK created sql view model sales_dataset_bq_dbt.stg_products ............. [[32mCREATE VIEW (0 processed)[0m in 2.14s]
2 of 8 START sql view model sales_dataset_bq_dbt.stg_sales ..................... [RUN]
2 of 8 OK created sql view model sales_dataset_bq_dbt.stg_sales ................ [[32mCREATE VIEW (0 processed)[0m in 1.81s]
3 of 8 START test source_not_null_employee_dataset_customers_customer_id ....... [RUN]
3 of 8 PASS source_not_null_employee_dataset_customers_customer_id ............. [[32mPASS[0m in 2.76s]
4 of 8 START test source_not_null_employee_dataset_customers_email ............. [RUN]
4 of 8 PASS source_not_null_employee_dataset_customers_email ................... [[32mPASS[0m in 2.14s]
5 of 8 START test source_not_null_employee_dataset_customers_first_name ........ [RUN]
5 of 8 PASS source_not_null_employee_dataset_customers_first_name .............. [[32mPASS[0m in 2.45s]
6 of 8 START test source_unique_employee_dataset_customers_customer_id ......... [RUN]
6 of 8 PASS source_unique_employee_dataset_customers_customer_id ............... [[32mPASS[0m in 2.46s]
7 of 8 START sql table model sales_dataset_bq_dbt.customer_category_sales ...... [RUN]
7 of 8 OK created sql table model sales_dataset_bq_dbt.customer_category_sales . [[32mCREATE TABLE (6.0 rows, 333.0 Bytes processed)[0m in 4.30s]
8 of 8 START sql view model sales_dataset_bq_dbt.stg_customers ................. [RUN]
8 of 8 OK created sql view model sales_dataset_bq_dbt.stg_customers ............ [[32mCREATE VIEW (0 processed)[0m in 1.80s]

Finished running 1 table model, 4 data tests, 3 view models in 0 hours 0 minutes and 21.54 seconds (21.54s).

[32mCompleted successfully[0m

Done. PASS=8 WARN=0 ERROR=0 SKIP=0 NO-OP=0 TOTAL=8
